Mplus VERSION 7
MUTHEN & MUTHEN
08/16/2019  10:55 PM

INPUT INSTRUCTIONS

  Data:
      File is srl.txt;

  Variable:
      Names are
        Platform GoalPers GoalReal GoalHelp
        StrAdapt StrAlt StrAsk StrPlan
        TskRel TskChnge TskDiff TskNotes
        ElbMatch ElbExp ScoreHlp ScoreLrn
        HlpFig HlpNHelp HlpPeer HlpCollg HlpDiff
        Users;
      Missing are
         all(-999);
      Usevariables are
         Platform-HlpDiff;
      Classes ARE SRL(3);

  Analysis:
      OPTSEED=42;
      Type=MIXTURE;
      !STARTS=4000 40;
      LRTBOOT= 20;
      LRTSTARTS=2 1 4000 40;
      PROCESSORS=4;

  Model:
      %OVERALL%
      SRL ON Platform;

  Output:
      sampstat residual TECH11 TECH14;

  Plot:
      type is plot3;
      Series=GoalPers-HlpDiff(*);

  savedata:
      File=lpa_probs.txt;
      save=cprob;



*** WARNING in MODEL command
  Variable is uncorrelated with all other variables within class:  GOALPERS
*** WARNING in MODEL command
  Variable is uncorrelated with all other variables within class:  GOALREAL
*** WARNING in MODEL command
  Variable is uncorrelated with all other variables within class:  GOALHELP
*** WARNING in MODEL command
  Variable is uncorrelated with all other variables within class:  STRADAPT
*** WARNING in MODEL command
  Variable is uncorrelated with all other variables within class:  STRALT
*** WARNING in MODEL command
  Variable is uncorrelated with all other variables within class:  STRASK
*** WARNING in MODEL command
  Variable is uncorrelated with all other variables within class:  STRPLAN
*** WARNING in MODEL command
  Variable is uncorrelated with all other variables within class:  TSKREL
*** WARNING in MODEL command
  Variable is uncorrelated with all other variables within class:  TSKCHNGE
*** WARNING in MODEL command
  Variable is uncorrelated with all other variables within class:  TSKDIFF
*** WARNING in MODEL command
  Variable is uncorrelated with all other variables within class:  TSKNOTES
*** WARNING in MODEL command
  Variable is uncorrelated with all other variables within class:  ELBMATCH
*** WARNING in MODEL command
  Variable is uncorrelated with all other variables within class:  ELBEXP
*** WARNING in MODEL command
  Variable is uncorrelated with all other variables within class:  SCOREHLP
*** WARNING in MODEL command
  Variable is uncorrelated with all other variables within class:  SCORELRN
*** WARNING in MODEL command
  Variable is uncorrelated with all other variables within class:  HLPFIG
*** WARNING in MODEL command
  Variable is uncorrelated with all other variables within class:  HLPNHELP
*** WARNING in MODEL command
  Variable is uncorrelated with all other variables within class:  HLPPEER
*** WARNING in MODEL command
  Variable is uncorrelated with all other variables within class:  HLPCOLLG
*** WARNING in MODEL command
  Variable is uncorrelated with all other variables within class:  HLPDIFF
*** WARNING in MODEL command
  At least one variable is uncorrelated with all other variables within class.
  Check that this is what is intended.
  21 WARNING(S) FOUND IN THE INPUT INSTRUCTIONS




SUMMARY OF ANALYSIS

Number of groups                                                 1
Number of observations                                         264

Number of dependent variables                                   20
Number of independent variables                                  1
Number of continuous latent variables                            0
Number of categorical latent variables                           1

Observed dependent variables

  Continuous
   GOALPERS    GOALREAL    GOALHELP    STRADAPT    STRALT      STRASK
   STRPLAN     TSKREL      TSKCHNGE    TSKDIFF     TSKNOTES    ELBMATCH
   ELBEXP      SCOREHLP    SCORELRN    HLPFIG      HLPNHELP    HLPPEER
   HLPCOLLG    HLPDIFF

Observed independent variables
   PLATFORM

Categorical latent variables
   SRL


Estimator                                                      MLR
Information matrix                                        OBSERVED
Optimization Specifications for the Quasi-Newton Algorithm for
Continuous Outcomes
  Maximum number of iterations                                 100
  Convergence criterion                                  0.100D-05
Optimization Specifications for the EM Algorithm
  Maximum number of iterations                                 500
  Convergence criteria
    Loglikelihood change                                 0.100D-06
    Relative loglikelihood change                        0.100D-06
    Derivative                                           0.100D-05
Optimization Specifications for the M step of the EM Algorithm for
Categorical Latent variables
  Number of M step iterations                                    1
  M step convergence criterion                           0.100D-05
  Basis for M step termination                           ITERATION
Optimization Specifications for the M step of the EM Algorithm for
Censored, Binary or Ordered Categorical (Ordinal), Unordered
Categorical (Nominal) and Count Outcomes
  Number of M step iterations                                    1
  M step convergence criterion                           0.100D-05
  Basis for M step termination                           ITERATION
  Maximum value for logit thresholds                            15
  Minimum value for logit thresholds                           -15
  Minimum expected cell size for chi-square              0.100D-01
Maximum number of iterations for H1                           2000
Convergence criterion for H1                             0.100D-03
Optimization algorithm                                         EMA
Random Starts Specifications
  Random seed for analysis                                      42

Input data file(s)
  srl.txt
Input data format  FREE


SUMMARY OF DATA

     Number of missing data patterns             1
     Number of y missing data patterns           1
     Number of u missing data patterns           0


COVARIANCE COVERAGE OF DATA

Minimum covariance coverage value   0.100


     PROPORTION OF DATA PRESENT FOR Y


           Covariance Coverage
              GOALPERS      GOALREAL      GOALHELP      STRADAPT      STRALT
              ________      ________      ________      ________      ________
 GOALPERS       1.000
 GOALREAL       1.000         1.000
 GOALHELP       1.000         1.000         1.000
 STRADAPT       1.000         1.000         1.000         1.000
 STRALT         1.000         1.000         1.000         1.000         1.000
 STRASK         1.000         1.000         1.000         1.000         1.000
 STRPLAN        1.000         1.000         1.000         1.000         1.000
 TSKREL         1.000         1.000         1.000         1.000         1.000
 TSKCHNGE       1.000         1.000         1.000         1.000         1.000
 TSKDIFF        1.000         1.000         1.000         1.000         1.000
 TSKNOTES       1.000         1.000         1.000         1.000         1.000
 ELBMATCH       1.000         1.000         1.000         1.000         1.000
 ELBEXP         1.000         1.000         1.000         1.000         1.000
 SCOREHLP       1.000         1.000         1.000         1.000         1.000
 SCORELRN       1.000         1.000         1.000         1.000         1.000
 HLPFIG         1.000         1.000         1.000         1.000         1.000
 HLPNHELP       1.000         1.000         1.000         1.000         1.000
 HLPPEER        1.000         1.000         1.000         1.000         1.000
 HLPCOLLG       1.000         1.000         1.000         1.000         1.000
 HLPDIFF        1.000         1.000         1.000         1.000         1.000
 PLATFORM       1.000         1.000         1.000         1.000         1.000


           Covariance Coverage
              STRASK        STRPLAN       TSKREL        TSKCHNGE      TSKDIFF
              ________      ________      ________      ________      ________
 STRASK         1.000
 STRPLAN        1.000         1.000
 TSKREL         1.000         1.000         1.000
 TSKCHNGE       1.000         1.000         1.000         1.000
 TSKDIFF        1.000         1.000         1.000         1.000         1.000
 TSKNOTES       1.000         1.000         1.000         1.000         1.000
 ELBMATCH       1.000         1.000         1.000         1.000         1.000
 ELBEXP         1.000         1.000         1.000         1.000         1.000
 SCOREHLP       1.000         1.000         1.000         1.000         1.000
 SCORELRN       1.000         1.000         1.000         1.000         1.000
 HLPFIG         1.000         1.000         1.000         1.000         1.000
 HLPNHELP       1.000         1.000         1.000         1.000         1.000
 HLPPEER        1.000         1.000         1.000         1.000         1.000
 HLPCOLLG       1.000         1.000         1.000         1.000         1.000
 HLPDIFF        1.000         1.000         1.000         1.000         1.000
 PLATFORM       1.000         1.000         1.000         1.000         1.000


           Covariance Coverage
              TSKNOTES      ELBMATCH      ELBEXP        SCOREHLP      SCORELRN
              ________      ________      ________      ________      ________
 TSKNOTES       1.000
 ELBMATCH       1.000         1.000
 ELBEXP         1.000         1.000         1.000
 SCOREHLP       1.000         1.000         1.000         1.000
 SCORELRN       1.000         1.000         1.000         1.000         1.000
 HLPFIG         1.000         1.000         1.000         1.000         1.000
 HLPNHELP       1.000         1.000         1.000         1.000         1.000
 HLPPEER        1.000         1.000         1.000         1.000         1.000
 HLPCOLLG       1.000         1.000         1.000         1.000         1.000
 HLPDIFF        1.000         1.000         1.000         1.000         1.000
 PLATFORM       1.000         1.000         1.000         1.000         1.000


           Covariance Coverage
              HLPFIG        HLPNHELP      HLPPEER       HLPCOLLG      HLPDIFF
              ________      ________      ________      ________      ________
 HLPFIG         1.000
 HLPNHELP       1.000         1.000
 HLPPEER        1.000         1.000         1.000
 HLPCOLLG       1.000         1.000         1.000         1.000
 HLPDIFF        1.000         1.000         1.000         1.000         1.000
 PLATFORM       1.000         1.000         1.000         1.000         1.000


           Covariance Coverage
              PLATFORM
              ________
 PLATFORM       1.000


SAMPLE STATISTICS


     ESTIMATED SAMPLE STATISTICS


           Means
              GOALPERS      GOALREAL      GOALHELP      STRADAPT      STRALT
              ________      ________      ________      ________      ________
 1              3.928         3.792         3.996         3.818         3.216


           Means
              STRASK        STRPLAN       TSKREL        TSKCHNGE      TSKDIFF
              ________      ________      ________      ________      ________
 1              3.621         3.307         4.034         3.587         2.265


           Means
              TSKNOTES      ELBMATCH      ELBEXP        SCOREHLP      SCORELRN
              ________      ________      ________      ________      ________
 1              3.273         3.727         4.242         3.962         4.231


           Means
              HLPFIG        HLPNHELP      HLPPEER       HLPCOLLG      HLPDIFF
              ________      ________      ________      ________      ________
 1              3.129         3.629         2.689         2.765         2.235


           Means
              PLATFORM
              ________
 1              0.303


           Covariances
              GOALPERS      GOALREAL      GOALHELP      STRADAPT      STRALT
              ________      ________      ________      ________      ________
 GOALPERS       1.786
 GOALREAL       1.284         1.741
 GOALHELP       1.155         1.340         1.610
 STRADAPT       0.938         1.167         1.234         1.747
 STRALT         0.690         0.821         0.732         0.854         2.056
 STRASK         0.954         0.940         0.866         0.836         0.646
 STRPLAN        0.890         0.954         0.869         0.810         0.813
 TSKREL         0.741         0.848         0.761         0.654         0.667
 TSKCHNGE       0.834         0.872         0.783         0.792         0.892
 TSKDIFF        0.144         0.070         0.107         0.230         0.428
 TSKNOTES       0.789         0.883         0.774         0.815         0.638
 ELBMATCH       0.742         0.989         0.851         0.750         0.699
 ELBEXP         0.574         0.668         0.743         0.809         0.576
 SCOREHLP       0.728         0.791         0.780         0.773         0.489
 SCORELRN       0.789         0.810         0.891         0.853         0.477
 HLPFIG         0.021         0.122         0.122         0.209         0.264
 HLPNHELP       0.280         0.351         0.370         0.410         0.440
 HLPPEER        0.281         0.261         0.196         0.156         0.427
 HLPCOLLG       0.101         0.129         0.052         0.075         0.335
 HLPDIFF        0.221         0.235         0.198         0.259         0.552
 PLATFORM      -0.240        -0.278        -0.344        -0.293        -0.130


           Covariances
              STRASK        STRPLAN       TSKREL        TSKCHNGE      TSKDIFF
              ________      ________      ________      ________      ________
 STRASK         2.099
 STRPLAN        1.343         2.251
 TSKREL         0.922         0.804         1.571
 TSKCHNGE       0.863         0.926         1.078         1.803
 TSKDIFF        0.078         0.396         0.196         0.409         1.975
 TSKNOTES       0.963         1.299         0.741         0.791         0.318
 ELBMATCH       0.806         1.216         0.824         0.819         0.254
 ELBEXP         0.615         0.634         0.674         0.536         0.057
 SCOREHLP       0.853         0.890         0.611         0.587         0.120
 SCORELRN       0.758         0.607         0.644         0.622         0.007
 HLPFIG         0.268         0.139         0.121         0.277         0.549
 HLPNHELP       0.397         0.337         0.149         0.381         0.250
 HLPPEER        0.496         0.747         0.139         0.292         0.556
 HLPCOLLG       0.479         0.845         0.038         0.320         0.600
 HLPDIFF        0.244         0.549         0.090         0.370         0.631
 PLATFORM      -0.139        -0.101        -0.177        -0.201        -0.016


           Covariances
              TSKNOTES      ELBMATCH      ELBEXP        SCOREHLP      SCORELRN
              ________      ________      ________      ________      ________
 TSKNOTES       2.433
 ELBMATCH       1.230         2.017
 ELBEXP         0.646         0.721         1.290
 SCOREHLP       0.620         0.747         0.664         1.559
 SCORELRN       0.664         0.643         0.823         0.857         1.200
 HLPFIG         0.147         0.039         0.147         0.319         0.126
 HLPNHELP       0.185         0.380         0.215         0.312         0.302
 HLPPEER        0.664         0.465         0.125         0.477         0.132
 HLPCOLLG       0.647         0.512         0.148         0.484         0.069
 HLPDIFF        0.390         0.496         0.212         0.297         0.105
 PLATFORM      -0.064        -0.137        -0.145        -0.125        -0.225


           Covariances
              HLPFIG        HLPNHELP      HLPPEER       HLPCOLLG      HLPDIFF
              ________      ________      ________      ________      ________
 HLPFIG         2.233
 HLPNHELP       0.203         1.923
 HLPPEER        0.434         0.510         2.434
 HLPCOLLG       0.348         0.538         1.980         2.619
 HLPDIFF        0.492         0.367         1.156         1.430         2.104
 PLATFORM       0.037        -0.092         0.060         0.117         0.054


           Covariances
              PLATFORM
              ________
 PLATFORM       0.211


           Correlations
              GOALPERS      GOALREAL      GOALHELP      STRADAPT      STRALT
              ________      ________      ________      ________      ________
 GOALPERS       1.000
 GOALREAL       0.728         1.000
 GOALHELP       0.681         0.801         1.000
 STRADAPT       0.531         0.669         0.736         1.000
 STRALT         0.360         0.434         0.402         0.450         1.000
 STRASK         0.493         0.492         0.471         0.437         0.311
 STRPLAN        0.444         0.482         0.456         0.408         0.378
 TSKREL         0.442         0.513         0.479         0.395         0.371
 TSKCHNGE       0.465         0.492         0.459         0.446         0.463
 TSKDIFF        0.077         0.038         0.060         0.124         0.212
 TSKNOTES       0.378         0.429         0.391         0.395         0.285
 ELBMATCH       0.391         0.528         0.472         0.399         0.343
 ELBEXP         0.378         0.446         0.516         0.539         0.354
 SCOREHLP       0.436         0.480         0.492         0.469         0.273
 SCORELRN       0.539         0.560         0.641         0.589         0.303
 HLPFIG         0.010         0.062         0.064         0.106         0.123
 HLPNHELP       0.151         0.192         0.210         0.224         0.221
 HLPPEER        0.135         0.127         0.099         0.075         0.191
 HLPCOLLG       0.046         0.060         0.025         0.035         0.144
 HLPDIFF        0.114         0.123         0.108         0.135         0.265
 PLATFORM      -0.390        -0.458        -0.589        -0.483        -0.197


           Correlations
              STRASK        STRPLAN       TSKREL        TSKCHNGE      TSKDIFF
              ________      ________      ________      ________      ________
 STRASK         1.000
 STRPLAN        0.618         1.000
 TSKREL         0.508         0.428         1.000
 TSKCHNGE       0.443         0.460         0.641         1.000
 TSKDIFF        0.038         0.188         0.111         0.217         1.000
 TSKNOTES       0.426         0.555         0.379         0.377         0.145
 ELBMATCH       0.392         0.571         0.463         0.430         0.127
 ELBEXP         0.374         0.372         0.473         0.351         0.036
 SCOREHLP       0.472         0.475         0.391         0.350         0.068
 SCORELRN       0.478         0.369         0.469         0.423         0.004
 HLPFIG         0.124         0.062         0.064         0.138         0.261
 HLPNHELP       0.198         0.162         0.086         0.205         0.128
 HLPPEER        0.219         0.319         0.071         0.139         0.254
 HLPCOLLG       0.204         0.348         0.019         0.147         0.264
 HLPDIFF        0.116         0.252         0.050         0.190         0.309
 PLATFORM      -0.209        -0.146        -0.307        -0.325        -0.025


           Correlations
              TSKNOTES      ELBMATCH      ELBEXP        SCOREHLP      SCORELRN
              ________      ________      ________      ________      ________
 TSKNOTES       1.000
 ELBMATCH       0.555         1.000
 ELBEXP         0.365         0.447         1.000
 SCOREHLP       0.318         0.421         0.469         1.000
 SCORELRN       0.389         0.413         0.661         0.627         1.000
 HLPFIG         0.063         0.018         0.087         0.171         0.077
 HLPNHELP       0.085         0.193         0.137         0.180         0.199
 HLPPEER        0.273         0.210         0.070         0.245         0.077
 HLPCOLLG       0.256         0.223         0.080         0.239         0.039
 HLPDIFF        0.173         0.241         0.129         0.164         0.066
 PLATFORM      -0.089        -0.210        -0.279        -0.218        -0.447


           Correlations
              HLPFIG        HLPNHELP      HLPPEER       HLPCOLLG      HLPDIFF
              ________      ________      ________      ________      ________
 HLPFIG         1.000
 HLPNHELP       0.098         1.000
 HLPPEER        0.186         0.236         1.000
 HLPCOLLG       0.144         0.240         0.784         1.000
 HLPDIFF        0.227         0.183         0.511         0.609         1.000
 PLATFORM       0.053        -0.144         0.084         0.157         0.081


           Correlations
              PLATFORM
              ________
 PLATFORM       1.000


     MAXIMUM LOG-LIKELIHOOD VALUE FOR THE UNRESTRICTED (H1) MODEL IS -7848.762


THE MODEL ESTIMATION TERMINATED NORMALLY



MODEL FIT INFORMATION

Number of Free Parameters                       84

Loglikelihood

          H0 Value                       -8257.471
          H0 Scaling Correction Factor      1.1369
            for MLR

Information Criteria

          Akaike (AIC)                   16682.942
          Bayesian (BIC)                 16983.322
          Sample-Size Adjusted BIC       16716.999
            (n* = (n + 2) / 24)



FINAL CLASS COUNTS AND PROPORTIONS FOR THE LATENT CLASSES
BASED ON THE ESTIMATED MODEL

    Latent
   Classes

       1         28.98743          0.10980
       2        116.91161          0.44285
       3        118.10095          0.44735


FINAL CLASS COUNTS AND PROPORTIONS FOR THE LATENT CLASS PATTERNS
BASED ON ESTIMATED POSTERIOR PROBABILITIES

    Latent
   Classes

       1         28.98743          0.10980
       2        116.91152          0.44285
       3        118.10105          0.44735


CLASSIFICATION QUALITY

     Entropy                         0.957


CLASSIFICATION OF INDIVIDUALS BASED ON THEIR MOST LIKELY LATENT CLASS MEMBERSHIP

Class Counts and Proportions

    Latent
   Classes

       1               29          0.10985
       2              116          0.43939
       3              119          0.45076


Average Latent Class Probabilities for Most Likely Latent Class Membership (Row)
by Latent Class (Column)

           1        2        3

    1   0.996    0.000    0.004
    2   0.000    0.982    0.018
    3   0.001    0.025    0.974


MODEL RESULTS

                                                    Two-Tailed
                    Estimate       S.E.  Est./S.E.    P-Value

Latent Class 1

 Means
    GOALPERS           1.479      0.166      8.895      0.000
    GOALREAL           1.413      0.137     10.349      0.000
    GOALHELP           1.440      0.174      8.271      0.000
    STRADAPT           1.418      0.146      9.686      0.000
    STRALT             1.831      0.229      8.000      0.000
    STRASK             1.282      0.100     12.866      0.000
    STRPLAN            1.316      0.116     11.327      0.000
    TSKREL             2.072      0.252      8.225      0.000
    TSKCHNGE           1.661      0.224      7.405      0.000
    TSKDIFF            1.938      0.242      7.996      0.000
    TSKNOTES           1.351      0.161      8.405      0.000
    ELBMATCH           2.007      0.267      7.524      0.000
    ELBEXP             2.345      0.278      8.440      0.000
    SCOREHLP           2.069      0.240      8.613      0.000
    SCORELRN           2.103      0.244      8.636      0.000
    HLPFIG             2.905      0.291      9.994      0.000
    HLPNHELP           3.184      0.261     12.211      0.000
    HLPPEER            2.209      0.253      8.727      0.000
    HLPCOLLG           2.347      0.263      8.917      0.000
    HLPDIFF            1.554      0.174      8.921      0.000

 Variances
    GOALPERS           1.046      0.122      8.549      0.000
    GOALREAL           1.043      0.104     10.062      0.000
    GOALHELP           0.802      0.091      8.800      0.000
    STRADAPT           1.036      0.107      9.676      0.000
    STRALT             1.783      0.119     15.040      0.000
    STRASK             1.393      0.125     11.151      0.000
    STRPLAN            1.542      0.125     12.357      0.000
    TSKREL             1.094      0.133      8.230      0.000
    TSKCHNGE           1.334      0.122     10.893      0.000
    TSKDIFF            1.848      0.135     13.679      0.000
    TSKNOTES           1.857      0.139     13.355      0.000
    ELBMATCH           1.570      0.135     11.601      0.000
    ELBEXP             0.845      0.112      7.511      0.000
    SCOREHLP           1.066      0.110      9.705      0.000
    SCORELRN           0.640      0.079      8.059      0.000
    HLPFIG             2.203      0.112     19.701      0.000
    HLPNHELP           1.812      0.123     14.781      0.000
    HLPPEER            1.178      0.150      7.857      0.000
    HLPCOLLG           0.618      0.077      7.998      0.000
    HLPDIFF            1.371      0.135     10.158      0.000

Latent Class 2

 Means
    GOALPERS           4.209      0.115     36.572      0.000
    GOALREAL           4.094      0.129     31.699      0.000
    GOALHELP           4.267      0.114     37.576      0.000
    STRADAPT           4.092      0.112     36.618      0.000
    STRALT             3.590      0.137     26.139      0.000
    STRASK             4.099      0.118     34.689      0.000
    STRPLAN            4.052      0.132     30.775      0.000
    TSKREL             4.224      0.107     39.361      0.000
    TSKCHNGE           3.942      0.104     38.005      0.000
    TSKDIFF            2.665      0.136     19.535      0.000
    TSKNOTES           3.879      0.143     27.194      0.000
    ELBMATCH           4.243      0.111     38.132      0.000
    ELBEXP             4.446      0.089     50.181      0.000
    SCOREHLP           4.436      0.099     44.778      0.000
    SCORELRN           4.444      0.092     48.503      0.000
    HLPFIG             3.323      0.138     24.036      0.000
    HLPNHELP           3.997      0.152     26.285      0.000
    HLPPEER            3.929      0.150     26.205      0.000
    HLPCOLLG           4.315      0.106     40.668      0.000
    HLPDIFF            3.195      0.146     21.852      0.000

 Variances
    GOALPERS           1.046      0.122      8.549      0.000
    GOALREAL           1.043      0.104     10.062      0.000
    GOALHELP           0.802      0.091      8.800      0.000
    STRADAPT           1.036      0.107      9.676      0.000
    STRALT             1.783      0.119     15.040      0.000
    STRASK             1.393      0.125     11.151      0.000
    STRPLAN            1.542      0.125     12.357      0.000
    TSKREL             1.094      0.133      8.230      0.000
    TSKCHNGE           1.334      0.122     10.893      0.000
    TSKDIFF            1.848      0.135     13.679      0.000
    TSKNOTES           1.857      0.139     13.355      0.000
    ELBMATCH           1.570      0.135     11.601      0.000
    ELBEXP             0.845      0.112      7.511      0.000
    SCOREHLP           1.066      0.110      9.705      0.000
    SCORELRN           0.640      0.079      8.059      0.000
    HLPFIG             2.203      0.112     19.701      0.000
    HLPNHELP           1.812      0.123     14.781      0.000
    HLPPEER            1.178      0.150      7.857      0.000
    HLPCOLLG           0.618      0.077      7.998      0.000
    HLPDIFF            1.371      0.135     10.158      0.000

Latent Class 3

 Means
    GOALPERS           4.251      0.116     36.633      0.000
    GOALREAL           4.076      0.130     31.352      0.000
    GOALHELP           4.355      0.105     41.621      0.000
    STRADAPT           4.136      0.109     37.866      0.000
    STRALT             3.186      0.125     25.444      0.000
    STRASK             3.723      0.136     27.362      0.000
    STRPLAN            3.057      0.144     21.260      0.000
    TSKREL             4.328      0.105     41.049      0.000
    TSKCHNGE           3.709      0.117     31.636      0.000
    TSKDIFF            1.949      0.129     15.100      0.000
    TSKNOTES           3.144      0.146     21.607      0.000
    ELBMATCH           3.639      0.133     27.337      0.000
    ELBEXP             4.507      0.090     50.130      0.000
    SCOREHLP           3.957      0.119     33.136      0.000
    SCORELRN           4.543      0.085     53.279      0.000
    HLPFIG             2.991      0.143     20.982      0.000
    HLPNHELP           3.374      0.147     23.015      0.000
    HLPPEER            1.580      0.114     13.912      0.000
    HLPCOLLG           1.333      0.115     11.598      0.000
    HLPDIFF            1.452      0.112     12.995      0.000

 Variances
    GOALPERS           1.046      0.122      8.549      0.000
    GOALREAL           1.043      0.104     10.062      0.000
    GOALHELP           0.802      0.091      8.800      0.000
    STRADAPT           1.036      0.107      9.676      0.000
    STRALT             1.783      0.119     15.040      0.000
    STRASK             1.393      0.125     11.151      0.000
    STRPLAN            1.542      0.125     12.357      0.000
    TSKREL             1.094      0.133      8.230      0.000
    TSKCHNGE           1.334      0.122     10.893      0.000
    TSKDIFF            1.848      0.135     13.679      0.000
    TSKNOTES           1.857      0.139     13.355      0.000
    ELBMATCH           1.570      0.135     11.601      0.000
    ELBEXP             0.845      0.112      7.511      0.000
    SCOREHLP           1.066      0.110      9.705      0.000
    SCORELRN           0.640      0.079      8.059      0.000
    HLPFIG             2.203      0.112     19.701      0.000
    HLPNHELP           1.812      0.123     14.781      0.000
    HLPPEER            1.178      0.150      7.857      0.000
    HLPCOLLG           0.618      0.077      7.998      0.000
    HLPDIFF            1.371      0.135     10.158      0.000

Categorical Latent Variables

 SRL#1      ON
    PLATFORM           3.060      0.598      5.114      0.000

 SRL#2      ON
    PLATFORM           0.995      0.473      2.104      0.035

 Intercepts
    SRL#1             -2.826      0.455     -6.206      0.000
    SRL#2             -0.244      0.151     -1.619      0.105


LOGISTIC REGRESSION ODDS RATIO RESULTS

Categorical Latent Variables

 SRL#1    ON
    PLATFORM          21.335

 SRL#2    ON
    PLATFORM           2.705


ALTERNATIVE PARAMETERIZATIONS FOR THE CATEGORICAL LATENT VARIABLE REGRESSION

Parameterization using Reference Class 1

 SRL#2    ON
    PLATFORM          -2.065      0.542     -3.813      0.000

 SRL#3    ON
    PLATFORM          -3.060      0.598     -5.114      0.000

 Intercepts
    SRL#2              2.582      0.455      5.670      0.000
    SRL#3              2.826      0.455      6.206      0.000

Parameterization using Reference Class 2

 SRL#1    ON
    PLATFORM           2.065      0.542      3.813      0.000

 SRL#3    ON
    PLATFORM          -0.995      0.473     -2.104      0.035

 Intercepts
    SRL#1             -2.582      0.455     -5.670      0.000
    SRL#3              0.244      0.151      1.619      0.105


QUALITY OF NUMERICAL RESULTS

     Condition Number for the Information Matrix              0.505E-04
       (ratio of smallest to largest eigenvalue)


RESIDUAL OUTPUT


     ESTIMATED MODEL AND RESIDUALS (OBSERVED - ESTIMATED) FOR CLASS 1


           Model Estimated Means
              GOALPERS      GOALREAL      GOALHELP      STRADAPT      STRALT
              ________      ________      ________      ________      ________
 1              1.479         1.413         1.440         1.418         1.831


           Model Estimated Means
              STRASK        STRPLAN       TSKREL        TSKCHNGE      TSKDIFF
              ________      ________      ________      ________      ________
 1              1.282         1.316         2.072         1.661         1.938


           Model Estimated Means
              TSKNOTES      ELBMATCH      ELBEXP        SCOREHLP      SCORELRN
              ________      ________      ________      ________      ________
 1              1.351         2.007         2.345         2.069         2.103


           Model Estimated Means
              HLPFIG        HLPNHELP      HLPPEER       HLPCOLLG      HLPDIFF
              ________      ________      ________      ________      ________
 1              2.905         3.184         2.209         2.347         1.554


           Model Estimated Means
              PLATFORM
              ________
 1              0.796


           Residuals for Means
              GOALPERS      GOALREAL      GOALHELP      STRADAPT      STRALT
              ________      ________      ________      ________      ________
 1              0.000         0.000         0.000         0.000         0.000


           Residuals for Means
              STRASK        STRPLAN       TSKREL        TSKCHNGE      TSKDIFF
              ________      ________      ________      ________      ________
 1              0.000         0.000         0.000         0.000         0.000


           Residuals for Means
              TSKNOTES      ELBMATCH      ELBEXP        SCOREHLP      SCORELRN
              ________      ________      ________      ________      ________
 1              0.000         0.000         0.000         0.000         0.000


           Residuals for Means
              HLPFIG        HLPNHELP      HLPPEER       HLPCOLLG      HLPDIFF
              ________      ________      ________      ________      ________
 1              0.000         0.000         0.000         0.000         0.000


           Residuals for Means
              PLATFORM
              ________
 1              0.000


           Model Estimated Covariances
              GOALPERS      GOALREAL      GOALHELP      STRADAPT      STRALT
              ________      ________      ________      ________      ________
 GOALPERS       1.046
 GOALREAL       0.000         1.043
 GOALHELP       0.000         0.000         0.802
 STRADAPT       0.000         0.000         0.000         1.036
 STRALT         0.000         0.000         0.000         0.000         1.783
 STRASK         0.000         0.000         0.000         0.000         0.000
 STRPLAN        0.000         0.000         0.000         0.000         0.000
 TSKREL         0.000         0.000         0.000         0.000         0.000
 TSKCHNGE       0.000         0.000         0.000         0.000         0.000
 TSKDIFF        0.000         0.000         0.000         0.000         0.000
 TSKNOTES       0.000         0.000         0.000         0.000         0.000
 ELBMATCH       0.000         0.000         0.000         0.000         0.000
 ELBEXP         0.000         0.000         0.000         0.000         0.000
 SCOREHLP       0.000         0.000         0.000         0.000         0.000
 SCORELRN       0.000         0.000         0.000         0.000         0.000
 HLPFIG         0.000         0.000         0.000         0.000         0.000
 HLPNHELP       0.000         0.000         0.000         0.000         0.000
 HLPPEER        0.000         0.000         0.000         0.000         0.000
 HLPCOLLG       0.000         0.000         0.000         0.000         0.000
 HLPDIFF        0.000         0.000         0.000         0.000         0.000
 PLATFORM       0.000         0.000         0.000         0.000         0.000


           Model Estimated Covariances
              STRASK        STRPLAN       TSKREL        TSKCHNGE      TSKDIFF
              ________      ________      ________      ________      ________
 STRASK         1.393
 STRPLAN        0.000         1.542
 TSKREL         0.000         0.000         1.094
 TSKCHNGE       0.000         0.000         0.000         1.334
 TSKDIFF        0.000         0.000         0.000         0.000         1.848
 TSKNOTES       0.000         0.000         0.000         0.000         0.000
 ELBMATCH       0.000         0.000         0.000         0.000         0.000
 ELBEXP         0.000         0.000         0.000         0.000         0.000
 SCOREHLP       0.000         0.000         0.000         0.000         0.000
 SCORELRN       0.000         0.000         0.000         0.000         0.000
 HLPFIG         0.000         0.000         0.000         0.000         0.000
 HLPNHELP       0.000         0.000         0.000         0.000         0.000
 HLPPEER        0.000         0.000         0.000         0.000         0.000
 HLPCOLLG       0.000         0.000         0.000         0.000         0.000
 HLPDIFF        0.000         0.000         0.000         0.000         0.000
 PLATFORM       0.000         0.000         0.000         0.000         0.000


           Model Estimated Covariances
              TSKNOTES      ELBMATCH      ELBEXP        SCOREHLP      SCORELRN
              ________      ________      ________      ________      ________
 TSKNOTES       1.857
 ELBMATCH       0.000         1.570
 ELBEXP         0.000         0.000         0.845
 SCOREHLP       0.000         0.000         0.000         1.066
 SCORELRN       0.000         0.000         0.000         0.000         0.640
 HLPFIG         0.000         0.000         0.000         0.000         0.000
 HLPNHELP       0.000         0.000         0.000         0.000         0.000
 HLPPEER        0.000         0.000         0.000         0.000         0.000
 HLPCOLLG       0.000         0.000         0.000         0.000         0.000
 HLPDIFF        0.000         0.000         0.000         0.000         0.000
 PLATFORM       0.000         0.000         0.000         0.000         0.000


           Model Estimated Covariances
              HLPFIG        HLPNHELP      HLPPEER       HLPCOLLG      HLPDIFF
              ________      ________      ________      ________      ________
 HLPFIG         2.203
 HLPNHELP       0.000         1.812
 HLPPEER        0.000         0.000         1.178
 HLPCOLLG       0.000         0.000         0.000         0.618
 HLPDIFF        0.000         0.000         0.000         0.000         1.371
 PLATFORM       0.000         0.000         0.000         0.000         0.000


           Model Estimated Covariances
              PLATFORM
              ________
 PLATFORM       0.162


           Residuals for Covariances
              GOALPERS      GOALREAL      GOALHELP      STRADAPT      STRALT
              ________      ________      ________      ________      ________
 GOALPERS      -0.398
 GOALREAL       0.448        -0.595
 GOALHELP       0.451         0.421        -0.092
 STRADAPT       0.387         0.351         0.420        -0.564
 STRALT         0.191         0.145         0.387         0.288        -0.325
 STRASK        -0.019        -0.001        -0.086         0.042         0.020
 STRPLAN       -0.002         0.019        -0.101         0.096         0.301
 TSKREL        -0.063         0.079         0.108         0.015         0.498
 TSKCHNGE       0.006         0.083         0.126         0.021         0.566
 TSKDIFF       -0.022         0.142         0.040         0.010         0.096
 TSKNOTES      -0.018         0.039         0.021         0.185         0.100
 ELBMATCH      -0.090         0.114         0.148         0.084         0.763
 ELBEXP         0.038         0.098         0.082         0.137         0.717
 SCOREHLP       0.204         0.178         0.168         0.285         0.498
 SCORELRN       0.188         0.129         0.326         0.272         0.711
 HLPFIG         0.031         0.090        -0.119         0.134         0.057
 HLPNHELP      -0.265        -0.191        -0.266        -0.148         0.174
 HLPPEER        0.011         0.021        -0.253        -0.123        -0.173
 HLPCOLLG       0.014        -0.036        -0.313        -0.180        -0.218
 HLPDIFF        0.187         0.050        -0.033         0.117         0.130
 PLATFORM      -0.100        -0.082        -0.211        -0.151        -0.208


           Residuals for Covariances
              STRASK        STRPLAN       TSKREL        TSKCHNGE      TSKDIFF
              ________      ________      ________      ________      ________
 STRASK        -1.114
 STRPLAN        0.233        -1.181
 TSKREL         0.227         0.328         0.698
 TSKCHNGE       0.170         0.285         1.269         0.069
 TSKDIFF        0.196         0.199         1.043         0.841        -0.195
 TSKNOTES       0.120         0.246         0.222         0.228        -0.041
 ELBMATCH       0.074         0.349         1.279         1.036         0.483
 ELBEXP         0.186         0.449         1.255         0.951         0.477
 SCOREHLP      -0.013         0.226         0.481         0.306         0.114
 SCORELRN      -0.056         0.146         0.513         0.455         0.082
 HLPFIG         0.140         0.281         0.322         0.003         0.272
 HLPNHELP      -0.009         0.055        -0.009         0.129         0.217
 HLPPEER        0.213         0.172         0.018         0.100         0.318
 HLPCOLLG       0.175         0.129         0.077         0.216         0.327
 HLPDIFF        0.123         0.207         0.134         0.292         0.140
 PLATFORM       0.022        -0.006        -0.124        -0.073         0.087


           Residuals for Covariances
              TSKNOTES      ELBMATCH      ELBEXP        SCOREHLP      SCORELRN
              ________      ________      ________      ________      ________
 TSKNOTES      -1.141
 ELBMATCH       0.694         0.431
 ELBEXP         0.472         1.523         1.315
 SCOREHLP       0.258         0.800         1.494         0.516
 SCORELRN       0.177         0.800         1.414         1.476         0.972
 HLPFIG         0.181         0.451         0.800         0.911         0.776
 HLPNHELP      -0.021         0.342         0.362         0.413         0.406
 HLPPEER        0.061        -0.145         0.033         0.022        -0.089
 HLPCOLLG       0.013        -0.145         0.262         0.220         0.105
 HLPDIFF        0.257         0.239         0.536         0.619         0.531
 PLATFORM      -0.067        -0.106        -0.099        -0.087        -0.183


           Residuals for Covariances
              HLPFIG        HLPNHELP      HLPPEER       HLPCOLLG      HLPDIFF
              ________      ________      ________      ________      ________
 HLPFIG         0.175
 HLPNHELP       0.710         0.047
 HLPPEER        0.495         0.261         0.572
 HLPCOLLG       0.578         0.443         1.721         1.262
 HLPDIFF        0.364         0.106         0.506         0.638        -0.501
 PLATFORM       0.081         0.134         0.211         0.239         0.077


           Residuals for Covariances
              PLATFORM
              ________
 PLATFORM       0.000


     ESTIMATED MODEL AND RESIDUALS (OBSERVED - ESTIMATED) FOR CLASS 2


           Model Estimated Means
              GOALPERS      GOALREAL      GOALHELP      STRADAPT      STRALT
              ________      ________      ________      ________      ________
 1              4.209         4.094         4.267         4.092         3.590


           Model Estimated Means
              STRASK        STRPLAN       TSKREL        TSKCHNGE      TSKDIFF
              ________      ________      ________      ________      ________
 1              4.099         4.052         4.224         3.942         2.665


           Model Estimated Means
              TSKNOTES      ELBMATCH      ELBEXP        SCOREHLP      SCORELRN
              ________      ________      ________      ________      ________
 1              3.879         4.243         4.446         4.436         4.444


           Model Estimated Means
              HLPFIG        HLPNHELP      HLPPEER       HLPCOLLG      HLPDIFF
              ________      ________      ________      ________      ________
 1              3.323         3.997         3.929         4.315         3.195


           Model Estimated Means
              PLATFORM
              ________
 1              0.331


           Residuals for Means
              GOALPERS      GOALREAL      GOALHELP      STRADAPT      STRALT
              ________      ________      ________      ________      ________
 1              0.000         0.000         0.000         0.000         0.000


           Residuals for Means
              STRASK        STRPLAN       TSKREL        TSKCHNGE      TSKDIFF
              ________      ________      ________      ________      ________
 1              0.000         0.000         0.000         0.000         0.000


           Residuals for Means
              TSKNOTES      ELBMATCH      ELBEXP        SCOREHLP      SCORELRN
              ________      ________      ________      ________      ________
 1              0.000         0.000         0.000         0.000         0.000


           Residuals for Means
              HLPFIG        HLPNHELP      HLPPEER       HLPCOLLG      HLPDIFF
              ________      ________      ________      ________      ________
 1              0.000         0.000         0.000         0.000         0.000


           Residuals for Means
              PLATFORM
              ________
 1              0.000


           Model Estimated Covariances
              GOALPERS      GOALREAL      GOALHELP      STRADAPT      STRALT
              ________      ________      ________      ________      ________
 GOALPERS       1.046
 GOALREAL       0.000         1.043
 GOALHELP       0.000         0.000         0.802
 STRADAPT       0.000         0.000         0.000         1.036
 STRALT         0.000         0.000         0.000         0.000         1.783
 STRASK         0.000         0.000         0.000         0.000         0.000
 STRPLAN        0.000         0.000         0.000         0.000         0.000
 TSKREL         0.000         0.000         0.000         0.000         0.000
 TSKCHNGE       0.000         0.000         0.000         0.000         0.000
 TSKDIFF        0.000         0.000         0.000         0.000         0.000
 TSKNOTES       0.000         0.000         0.000         0.000         0.000
 ELBMATCH       0.000         0.000         0.000         0.000         0.000
 ELBEXP         0.000         0.000         0.000         0.000         0.000
 SCOREHLP       0.000         0.000         0.000         0.000         0.000
 SCORELRN       0.000         0.000         0.000         0.000         0.000
 HLPFIG         0.000         0.000         0.000         0.000         0.000
 HLPNHELP       0.000         0.000         0.000         0.000         0.000
 HLPPEER        0.000         0.000         0.000         0.000         0.000
 HLPCOLLG       0.000         0.000         0.000         0.000         0.000
 HLPDIFF        0.000         0.000         0.000         0.000         0.000
 PLATFORM       0.000         0.000         0.000         0.000         0.000


           Model Estimated Covariances
              STRASK        STRPLAN       TSKREL        TSKCHNGE      TSKDIFF
              ________      ________      ________      ________      ________
 STRASK         1.393
 STRPLAN        0.000         1.542
 TSKREL         0.000         0.000         1.094
 TSKCHNGE       0.000         0.000         0.000         1.334
 TSKDIFF        0.000         0.000         0.000         0.000         1.848
 TSKNOTES       0.000         0.000         0.000         0.000         0.000
 ELBMATCH       0.000         0.000         0.000         0.000         0.000
 ELBEXP         0.000         0.000         0.000         0.000         0.000
 SCOREHLP       0.000         0.000         0.000         0.000         0.000
 SCORELRN       0.000         0.000         0.000         0.000         0.000
 HLPFIG         0.000         0.000         0.000         0.000         0.000
 HLPNHELP       0.000         0.000         0.000         0.000         0.000
 HLPPEER        0.000         0.000         0.000         0.000         0.000
 HLPCOLLG       0.000         0.000         0.000         0.000         0.000
 HLPDIFF        0.000         0.000         0.000         0.000         0.000
 PLATFORM       0.000         0.000         0.000         0.000         0.000


           Model Estimated Covariances
              TSKNOTES      ELBMATCH      ELBEXP        SCOREHLP      SCORELRN
              ________      ________      ________      ________      ________
 TSKNOTES       1.857
 ELBMATCH       0.000         1.570
 ELBEXP         0.000         0.000         0.845
 SCOREHLP       0.000         0.000         0.000         1.066
 SCORELRN       0.000         0.000         0.000         0.000         0.640
 HLPFIG         0.000         0.000         0.000         0.000         0.000
 HLPNHELP       0.000         0.000         0.000         0.000         0.000
 HLPPEER        0.000         0.000         0.000         0.000         0.000
 HLPCOLLG       0.000         0.000         0.000         0.000         0.000
 HLPDIFF        0.000         0.000         0.000         0.000         0.000
 PLATFORM       0.000         0.000         0.000         0.000         0.000


           Model Estimated Covariances
              HLPFIG        HLPNHELP      HLPPEER       HLPCOLLG      HLPDIFF
              ________      ________      ________      ________      ________
 HLPFIG         2.203
 HLPNHELP       0.000         1.812
 HLPPEER        0.000         0.000         1.178
 HLPCOLLG       0.000         0.000         0.000         0.618
 HLPDIFF        0.000         0.000         0.000         0.000         1.371
 PLATFORM       0.000         0.000         0.000         0.000         0.000


           Model Estimated Covariances
              PLATFORM
              ________
 PLATFORM       0.221


           Residuals for Covariances
              GOALPERS      GOALREAL      GOALHELP      STRADAPT      STRALT
              ________      ________      ________      ________      ________
 GOALPERS       0.016
 GOALREAL       0.573         0.024
 GOALHELP       0.410         0.626         0.124
 STRADAPT       0.287         0.583         0.714         0.051
 STRALT         0.272         0.459         0.339         0.385         0.088
 STRASK         0.230         0.310         0.172         0.234         0.193
 STRPLAN        0.315         0.345         0.306         0.325         0.368
 TSKREL         0.185         0.374         0.139         0.077         0.352
 TSKCHNGE       0.319         0.495         0.308         0.314         0.374
 TSKDIFF        0.310         0.073         0.213         0.252         0.260
 TSKNOTES       0.202         0.491         0.279         0.318         0.170
 ELBMATCH       0.312         0.434         0.323         0.221         0.182
 ELBEXP         0.060         0.085         0.189         0.215         0.193
 SCOREHLP       0.174         0.219         0.192         0.184         0.176
 SCORELRN       0.100         0.129         0.231         0.277         0.005
 HLPFIG         0.080         0.183         0.263         0.425         0.326
 HLPNHELP       0.199         0.365         0.471         0.533         0.434
 HLPPEER        0.349         0.227         0.229         0.214         0.243
 HLPCOLLG       0.053         0.074         0.146         0.105         0.080
 HLPDIFF        0.105         0.154         0.158         0.215         0.544
 PLATFORM      -0.125        -0.163        -0.238        -0.232        -0.071


           Residuals for Covariances
              STRASK        STRPLAN       TSKREL        TSKCHNGE      TSKDIFF
              ________      ________      ________      ________      ________
 STRASK        -0.258
 STRPLAN        0.518        -0.365
 TSKREL         0.359         0.351        -0.030
 TSKCHNGE       0.453         0.391         0.579        -0.221
 TSKDIFF       -0.077         0.312        -0.010         0.151         0.232
 TSKNOTES       0.414         0.323         0.268         0.299         0.191
 ELBMATCH       0.221         0.405         0.295         0.232         0.198
 ELBEXP         0.154         0.236         0.069         0.047         0.123
 SCOREHLP       0.195         0.118         0.099         0.123        -0.056
 SCORELRN       0.309         0.164        -0.005         0.127        -0.082
 HLPFIG         0.220         0.010        -0.095         0.190         0.677
 HLPNHELP       0.136         0.136         0.094         0.321         0.216
 HLPPEER        0.220         0.216         0.075         0.123         0.209
 HLPCOLLG       0.174         0.094         0.040         0.135         0.131
 HLPDIFF       -0.123         0.114        -0.049         0.160         0.579
 PLATFORM      -0.047        -0.073        -0.050        -0.149        -0.118


           Residuals for Covariances
              TSKNOTES      ELBMATCH      ELBEXP        SCOREHLP      SCORELRN
              ________      ________      ________      ________      ________
 TSKNOTES      -0.173
 ELBMATCH       0.530        -0.476
 ELBEXP         0.221         0.100        -0.194
 SCOREHLP       0.167         0.227         0.203        -0.479
 SCORELRN       0.257         0.148         0.249         0.297        -0.033
 HLPFIG         0.075        -0.062         0.202        -0.043         0.018
 HLPNHELP       0.201         0.154         0.162         0.109         0.294
 HLPPEER        0.281         0.029         0.258         0.087         0.178
 HLPCOLLG       0.088         0.014         0.171         0.162         0.160
 HLPDIFF       -0.098         0.043         0.085        -0.044        -0.129
 PLATFORM      -0.034        -0.072        -0.047        -0.039        -0.088


           Residuals for Covariances
              HLPFIG        HLPNHELP      HLPPEER       HLPCOLLG      HLPDIFF
              ________      ________      ________      ________      ________
 HLPFIG        -0.092
 HLPNHELP       0.313        -0.358
 HLPPEER        0.266         0.422        -0.016
 HLPCOLLG       0.109         0.227         0.238        -0.075
 HLPDIFF        0.622         0.251         0.199         0.118         0.678
 PLATFORM      -0.061        -0.159        -0.095        -0.086        -0.031


           Residuals for Covariances
              PLATFORM
              ________
 PLATFORM       0.000


     ESTIMATED MODEL AND RESIDUALS (OBSERVED - ESTIMATED) FOR CLASS 3


           Model Estimated Means
              GOALPERS      GOALREAL      GOALHELP      STRADAPT      STRALT
              ________      ________      ________      ________      ________
 1              4.251         4.076         4.355         4.136         3.186


           Model Estimated Means
              STRASK        STRPLAN       TSKREL        TSKCHNGE      TSKDIFF
              ________      ________      ________      ________      ________
 1              3.723         3.057         4.328         3.709         1.949


           Model Estimated Means
              TSKNOTES      ELBMATCH      ELBEXP        SCOREHLP      SCORELRN
              ________      ________      ________      ________      ________
 1              3.144         3.639         4.507         3.957         4.543


           Model Estimated Means
              HLPFIG        HLPNHELP      HLPPEER       HLPCOLLG      HLPDIFF
              ________      ________      ________      ________      ________
 1              2.991         3.374         1.580         1.333         1.452


           Model Estimated Means
              PLATFORM
              ________
 1              0.155


           Residuals for Means
              GOALPERS      GOALREAL      GOALHELP      STRADAPT      STRALT
              ________      ________      ________      ________      ________
 1              0.000         0.000         0.000         0.000         0.000


           Residuals for Means
              STRASK        STRPLAN       TSKREL        TSKCHNGE      TSKDIFF
              ________      ________      ________      ________      ________
 1              0.000         0.000         0.000         0.000         0.000


           Residuals for Means
              TSKNOTES      ELBMATCH      ELBEXP        SCOREHLP      SCORELRN
              ________      ________      ________      ________      ________
 1              0.000         0.000         0.000         0.000         0.000


           Residuals for Means
              HLPFIG        HLPNHELP      HLPPEER       HLPCOLLG      HLPDIFF
              ________      ________      ________      ________      ________
 1              0.000         0.000         0.000         0.000         0.000


           Residuals for Means
              PLATFORM
              ________
 1              0.000


           Model Estimated Covariances
              GOALPERS      GOALREAL      GOALHELP      STRADAPT      STRALT
              ________      ________      ________      ________      ________
 GOALPERS       1.046
 GOALREAL       0.000         1.043
 GOALHELP       0.000         0.000         0.802
 STRADAPT       0.000         0.000         0.000         1.036
 STRALT         0.000         0.000         0.000         0.000         1.783
 STRASK         0.000         0.000         0.000         0.000         0.000
 STRPLAN        0.000         0.000         0.000         0.000         0.000
 TSKREL         0.000         0.000         0.000         0.000         0.000
 TSKCHNGE       0.000         0.000         0.000         0.000         0.000
 TSKDIFF        0.000         0.000         0.000         0.000         0.000
 TSKNOTES       0.000         0.000         0.000         0.000         0.000
 ELBMATCH       0.000         0.000         0.000         0.000         0.000
 ELBEXP         0.000         0.000         0.000         0.000         0.000
 SCOREHLP       0.000         0.000         0.000         0.000         0.000
 SCORELRN       0.000         0.000         0.000         0.000         0.000
 HLPFIG         0.000         0.000         0.000         0.000         0.000
 HLPNHELP       0.000         0.000         0.000         0.000         0.000
 HLPPEER        0.000         0.000         0.000         0.000         0.000
 HLPCOLLG       0.000         0.000         0.000         0.000         0.000
 HLPDIFF        0.000         0.000         0.000         0.000         0.000
 PLATFORM       0.000         0.000         0.000         0.000         0.000


           Model Estimated Covariances
              STRASK        STRPLAN       TSKREL        TSKCHNGE      TSKDIFF
              ________      ________      ________      ________      ________
 STRASK         1.393
 STRPLAN        0.000         1.542
 TSKREL         0.000         0.000         1.094
 TSKCHNGE       0.000         0.000         0.000         1.334
 TSKDIFF        0.000         0.000         0.000         0.000         1.848
 TSKNOTES       0.000         0.000         0.000         0.000         0.000
 ELBMATCH       0.000         0.000         0.000         0.000         0.000
 ELBEXP         0.000         0.000         0.000         0.000         0.000
 SCOREHLP       0.000         0.000         0.000         0.000         0.000
 SCORELRN       0.000         0.000         0.000         0.000         0.000
 HLPFIG         0.000         0.000         0.000         0.000         0.000
 HLPNHELP       0.000         0.000         0.000         0.000         0.000
 HLPPEER        0.000         0.000         0.000         0.000         0.000
 HLPCOLLG       0.000         0.000         0.000         0.000         0.000
 HLPDIFF        0.000         0.000         0.000         0.000         0.000
 PLATFORM       0.000         0.000         0.000         0.000         0.000


           Model Estimated Covariances
              TSKNOTES      ELBMATCH      ELBEXP        SCOREHLP      SCORELRN
              ________      ________      ________      ________      ________
 TSKNOTES       1.857
 ELBMATCH       0.000         1.570
 ELBEXP         0.000         0.000         0.845
 SCOREHLP       0.000         0.000         0.000         1.066
 SCORELRN       0.000         0.000         0.000         0.000         0.640
 HLPFIG         0.000         0.000         0.000         0.000         0.000
 HLPNHELP       0.000         0.000         0.000         0.000         0.000
 HLPPEER        0.000         0.000         0.000         0.000         0.000
 HLPCOLLG       0.000         0.000         0.000         0.000         0.000
 HLPDIFF        0.000         0.000         0.000         0.000         0.000
 PLATFORM       0.000         0.000         0.000         0.000         0.000


           Model Estimated Covariances
              HLPFIG        HLPNHELP      HLPPEER       HLPCOLLG      HLPDIFF
              ________      ________      ________      ________      ________
 HLPFIG         2.203
 HLPNHELP       0.000         1.812
 HLPPEER        0.000         0.000         1.178
 HLPCOLLG       0.000         0.000         0.000         0.618
 HLPDIFF        0.000         0.000         0.000         0.000         1.371
 PLATFORM       0.000         0.000         0.000         0.000         0.000


           Model Estimated Covariances
              PLATFORM
              ________
 PLATFORM       0.131


           Residuals for Covariances
              GOALPERS      GOALREAL      GOALHELP      STRADAPT      STRALT
              ________      ________      ________      ________      ________
 GOALPERS       0.082
 GOALREAL       0.587         0.122
 GOALHELP       0.337         0.596        -0.100
 STRADAPT       0.095         0.370         0.255         0.088
 STRALT         0.299         0.435         0.246         0.548        -0.007
 STRASK         0.338         0.257         0.154         0.088         0.280
 STRPLAN        0.353         0.473         0.305         0.169         0.417
 TSKREL         0.161         0.219         0.151         0.081         0.291
 TSKCHNGE       0.251         0.175         0.066         0.186         0.703
 TSKDIFF       -0.185        -0.171        -0.181         0.062         0.406
 TSKNOTES       0.285         0.210         0.126         0.205         0.351
 ELBMATCH       0.222         0.618         0.361         0.311         0.416
 ELBEXP        -0.068         0.141         0.115         0.305         0.209
 SCOREHLP       0.137         0.262         0.199         0.234        -0.022
 SCORELRN       0.180         0.256         0.179         0.155         0.093
 HLPFIG        -0.185        -0.081        -0.102        -0.128         0.101
 HLPNHELP       0.206         0.172         0.140         0.144         0.216
 HLPPEER        0.004         0.018         0.037        -0.101         0.100
 HLPCOLLG      -0.050        -0.076        -0.116        -0.105        -0.036
 HLPDIFF       -0.078        -0.102        -0.110        -0.077         0.052
 PLATFORM      -0.051        -0.117        -0.125        -0.059        -0.017


           Residuals for Covariances
              STRASK        STRPLAN       TSKREL        TSKCHNGE      TSKDIFF
              ________      ________      ________      ________      ________
 STRASK         0.529
 STRPLAN        0.964         0.651
 TSKREL         0.404         0.343        -0.141
 TSKCHNGE       0.152         0.440         0.497         0.202
 TSKDIFF       -0.143        -0.007         0.051         0.301        -0.182
 TSKNOTES       0.337         1.105         0.334         0.309         0.096
 ELBMATCH       0.341         0.989         0.335         0.364        -0.117
 ELBEXP        -0.037         0.062         0.100        -0.082        -0.261
 SCOREHLP       0.406         0.542         0.151         0.054        -0.046
 SCORELRN       0.048         0.040         0.161         0.034        -0.080
 HLPFIG         0.142        -0.057         0.180         0.272         0.353
 HLPNHELP       0.352         0.054         0.033         0.194         0.030
 HLPPEER        0.089        -0.014         0.094        -0.020         0.077
 HLPCOLLG       0.028         0.058        -0.045        -0.040         0.031
 HLPDIFF       -0.127        -0.173        -0.061         0.032         0.120
 PLATFORM       0.016         0.032        -0.040        -0.042         0.041


           Residuals for Covariances
              TSKNOTES      ELBMATCH      ELBEXP        SCOREHLP      SCORELRN
              ________      ________      ________      ________      ________
 TSKNOTES       0.452
 ELBMATCH       0.921         0.365
 ELBEXP         0.127         0.258        -0.130
 SCOREHLP      -0.021         0.207        -0.059         0.348
 SCORELRN       0.096         0.114         0.129         0.173        -0.206
 HLPFIG        -0.031        -0.169        -0.175         0.336        -0.043
 HLPNHELP      -0.245         0.214         0.018         0.107         0.053
 HLPPEER        0.077         0.111        -0.166         0.164        -0.025
 HLPCOLLG       0.044         0.070        -0.032        -0.062        -0.128
 HLPDIFF       -0.092         0.160        -0.046        -0.216        -0.082
 PLATFORM       0.104        -0.029         0.009        -0.004        -0.074


           Residuals for Covariances
              HLPFIG        HLPNHELP      HLPPEER       HLPCOLLG      HLPDIFF
              ________      ________      ________      ________      ________
 HLPFIG         0.048
 HLPNHELP      -0.160         0.343
 HLPPEER        0.168        -0.130        -0.125
 HLPCOLLG       0.011        -0.106         0.228        -0.236
 HLPDIFF        0.066        -0.077         0.136         0.259        -0.548
 PLATFORM       0.124        -0.075         0.036         0.082         0.072


           Residuals for Covariances
              PLATFORM
              ________
 PLATFORM       0.000


TECHNICAL 11 OUTPUT

     Random Starts Specifications for the k-1 Class Analysis Model
        Number of initial stage random starts                  20
        Number of final stage optimizations                     4



     VUONG-LO-MENDELL-RUBIN LIKELIHOOD RATIO TEST FOR 2 (H0) VERSUS 3 CLASSES

          H0 Loglikelihood Value                        -8509.109
          2 Times the Loglikelihood Difference            503.277
          Difference in the Number of Parameters               22
          Mean                                             40.878
          Standard Deviation                              194.989
          P-Value                                          0.0129

     LO-MENDELL-RUBIN ADJUSTED LRT TEST

          Value                                           499.207
          P-Value                                          0.0133


TECHNICAL 14 OUTPUT

     Random Starts Specifications for the k-1 Class Analysis Model
        Number of initial stage random starts                  20
        Number of final stage optimizations                     4

     Random Starts Specification for the k-1 Class Model for Generated Data
        Number of initial stage random starts                   2
        Number of final stage optimizations                     1
     Random Starts Specification for the k Class Model for Generated Data
        Number of initial stage random starts                4000
        Number of final stage optimizations                    40
     Number of bootstrap draws requested                       20


     PARAMETRIC BOOTSTRAPPED LIKELIHOOD RATIO TEST FOR 2 (H0) VERSUS 3 CLASSES

          H0 Loglikelihood Value                        -8509.109
          2 Times the Loglikelihood Difference            503.277
          Difference in the Number of Parameters               22
          Approximate P-Value                              0.0000
          Successful Bootstrap Draws                           20


PLOT INFORMATION

The following plots are available:

  Histograms of sample values
  Histograms of estimated values
  Scatterplots (sample values, estimated values)
  Sample means
  Estimated means
  Sample and estimated means
  Adjusted estimated means
  Observed individual values
  Estimated individual values
  Estimated means and observed individual values
  Estimated means and estimated individual values
  Adjusted estimated means and observed individual values
  Adjusted estimated means and estimated individual values
  Mixture distributions
  Estimated probabilities for a categorical latent variable as a
    function of its covariates

SAVEDATA INFORMATION


  Save file
    lpa_probs.txt

  Order and format of variables

    GOALPERS       F10.3
    GOALREAL       F10.3
    GOALHELP       F10.3
    STRADAPT       F10.3
    STRALT         F10.3
    STRASK         F10.3
    STRPLAN        F10.3
    TSKREL         F10.3
    TSKCHNGE       F10.3
    TSKDIFF        F10.3
    TSKNOTES       F10.3
    ELBMATCH       F10.3
    ELBEXP         F10.3
    SCOREHLP       F10.3
    SCORELRN       F10.3
    HLPFIG         F10.3
    HLPNHELP       F10.3
    HLPPEER        F10.3
    HLPCOLLG       F10.3
    HLPDIFF        F10.3
    PLATFORM       F10.3
    CPROB1         F10.3
    CPROB2         F10.3
    CPROB3         F10.3
    SRL            F10.3

  Save file format
    25F10.3

  Save file record length    10000


DIAGRAM INFORMATION

  Mplus diagrams are currently not available for Mixture analysis.
  No diagram output was produced.


     Beginning Time:  22:55:49
        Ending Time:  00:33:33
       Elapsed Time:  01:37:44



MUTHEN & MUTHEN
3463 Stoner Ave.
Los Angeles, CA  90066

Tel: (310) 391-9971
Fax: (310) 391-8971
Web: www.StatModel.com
Support: Support@StatModel.com

Copyright (c) 1998-2012 Muthen & Muthen
